{"level":"INFO","message":"[3:28:11.199 PM]: Creating new connection object"}
{"level":"INFO","message":"[3:28:11.217 PM]: Creating Connection[id: 94d3b35f-2d97-4cbc-b1e7-3bdf02ea8475] with host: ZMAGJQP-HWC47605.snowflakecomputing.com, account: ZMAGJQP-HWC47605, accessUrl: https://ZMAGJQP-HWC47605.snowflakecomputing.com, user: BLOODBATH, password is provided, role: ACCOUNTADMIN, database: ALLDAY_VIEWER, schema: ALLDAY, warehouse: COMPUTE_WH, region: undefined, authenticator: SNOWFLAKE, ocsp mode: FAIL_OPEN, os: win32, os version: 10.0.26100"}
{"level":"INFO","message":"[3:28:11.218 PM]: Connection[id: 94d3b35f-2d97-4cbc-b1e7-3bdf02ea8475] additional details: passcode in password is provided, passcode is not provided, private key is not provided, application: undefined, client name: snowflake-sdk, client version: 1.15.0, retry timeout: 300, private key path: undefined, private key pass is not provided, client store temporary credential: false, browser response timeout: 120000"}
{"level":"INFO","message":"[3:28:11.218 PM]: Connection[id: 94d3b35f-2d97-4cbc-b1e7-3bdf02ea8475] - connection object created successfully."}
{"level":"INFO","message":"[3:28:11.219 PM]: Connection[id: 94d3b35f-2d97-4cbc-b1e7-3bdf02ea8475] - connecting. Associated Snowflake domain: GLOBAL"}
{"level":"INFO","message":"[3:28:11.220 PM]: Connection[id: 94d3b35f-2d97-4cbc-b1e7-3bdf02ea8475] - authentication successful using: SNOWFLAKE"}
{"level":"INFO","message":"[3:28:11.221 PM]: Trying to initialize Easy Logging"}
{"level":"INFO","message":"[3:28:11.227 PM]: No client config detected."}
{"level":"INFO","message":"[3:28:11.228 PM]: No config file path found. Client config will not be used."}
{"level":"INFO","message":"[3:28:11.228 PM]: Easy Logging is disabled as no config has been found"}
{"level":"INFO","message":"[3:28:11.234 PM]: Connection[id: 94d3b35f-2d97-4cbc-b1e7-3bdf02ea8475] - connected successfully after 14.858299999999872 milliseconds"}
{"level":"INFO","message":"[3:28:49.605 PM]: Creating new connection object"}
{"level":"INFO","message":"[3:28:49.626 PM]: Creating Connection[id: cf319d02-ef68-45eb-b882-485ea7273022] with host: ZMAGJQP-HWC47605.snowflakecomputing.com, account: ZMAGJQP-HWC47605, accessUrl: https://ZMAGJQP-HWC47605.snowflakecomputing.com, user: BLOODBATH, password is provided, role: ACCOUNTADMIN, database: ALLDAY_VIEWER, schema: ALLDAY, warehouse: COMPUTE_WH, region: undefined, authenticator: SNOWFLAKE, ocsp mode: FAIL_OPEN, os: win32, os version: 10.0.26100"}
{"level":"INFO","message":"[3:28:49.628 PM]: Connection[id: cf319d02-ef68-45eb-b882-485ea7273022] additional details: passcode in password is provided, passcode is not provided, private key is not provided, application: undefined, client name: snowflake-sdk, client version: 1.15.0, retry timeout: 300, private key path: undefined, private key pass is not provided, client store temporary credential: false, browser response timeout: 120000"}
{"level":"INFO","message":"[3:28:49.629 PM]: Connection[id: cf319d02-ef68-45eb-b882-485ea7273022] - connection object created successfully."}
{"level":"INFO","message":"[3:28:49.630 PM]: Connection[id: cf319d02-ef68-45eb-b882-485ea7273022] - connecting. Associated Snowflake domain: GLOBAL"}
{"level":"INFO","message":"[3:28:49.631 PM]: Connection[id: cf319d02-ef68-45eb-b882-485ea7273022] - authentication successful using: SNOWFLAKE"}
{"level":"INFO","message":"[3:28:49.632 PM]: Trying to initialize Easy Logging"}
{"level":"INFO","message":"[3:28:49.637 PM]: No client config detected."}
{"level":"INFO","message":"[3:28:49.638 PM]: No config file path found. Client config will not be used."}
{"level":"INFO","message":"[3:28:49.638 PM]: Easy Logging is disabled as no config has been found"}
{"level":"INFO","message":"[3:28:49.644 PM]: Connection[id: cf319d02-ef68-45eb-b882-485ea7273022] - connected successfully after 14.129800000000046 milliseconds"}
{"level":"INFO","message":"[3:29:07.831 PM]: Creating new connection object"}
{"level":"INFO","message":"[3:29:07.845 PM]: Creating Connection[id: 3e4c113c-0e52-4229-8d28-5803e3cc9f51] with host: ZMAGJQP-HWC47605.snowflakecomputing.com, account: ZMAGJQP-HWC47605, accessUrl: https://ZMAGJQP-HWC47605.snowflakecomputing.com, user: BLOODBATH, password is provided, role: ACCOUNTADMIN, database: ALLDAY_VIEWER, schema: ALLDAY, warehouse: COMPUTE_WH, region: undefined, authenticator: SNOWFLAKE, ocsp mode: FAIL_OPEN, os: win32, os version: 10.0.26100"}
{"level":"INFO","message":"[3:29:07.846 PM]: Connection[id: 3e4c113c-0e52-4229-8d28-5803e3cc9f51] additional details: passcode in password is provided, passcode is not provided, private key is not provided, application: undefined, client name: snowflake-sdk, client version: 1.15.0, retry timeout: 300, private key path: undefined, private key pass is not provided, client store temporary credential: false, browser response timeout: 120000"}
{"level":"INFO","message":"[3:29:07.847 PM]: Connection[id: 3e4c113c-0e52-4229-8d28-5803e3cc9f51] - connection object created successfully."}
{"level":"INFO","message":"[3:29:07.847 PM]: Connection[id: 3e4c113c-0e52-4229-8d28-5803e3cc9f51] - connecting. Associated Snowflake domain: GLOBAL"}
{"level":"INFO","message":"[3:29:07.848 PM]: Connection[id: 3e4c113c-0e52-4229-8d28-5803e3cc9f51] - authentication successful using: SNOWFLAKE"}
{"level":"INFO","message":"[3:29:07.849 PM]: Trying to initialize Easy Logging"}
{"level":"INFO","message":"[3:29:07.852 PM]: No client config detected."}
{"level":"INFO","message":"[3:29:07.853 PM]: No config file path found. Client config will not be used."}
{"level":"INFO","message":"[3:29:07.854 PM]: Easy Logging is disabled as no config has been found"}
{"level":"INFO","message":"[3:29:07.858 PM]: Connection[id: 3e4c113c-0e52-4229-8d28-5803e3cc9f51] - connected successfully after 10.335800000000063 milliseconds"}
{"level":"INFO","message":"[3:29:21.544 PM]: Creating new connection object"}
{"level":"INFO","message":"[3:29:21.560 PM]: Creating Connection[id: 4268c620-9741-4280-b456-ce96cfb551fd] with host: ZMAGJQP-HWC47605.snowflakecomputing.com, account: ZMAGJQP-HWC47605, accessUrl: https://ZMAGJQP-HWC47605.snowflakecomputing.com, user: BLOODBATH, password is provided, role: ACCOUNTADMIN, database: ALLDAY_VIEWER, schema: ALLDAY, warehouse: COMPUTE_WH, region: undefined, authenticator: SNOWFLAKE, ocsp mode: FAIL_OPEN, os: win32, os version: 10.0.26100"}
{"level":"INFO","message":"[3:29:21.562 PM]: Connection[id: 4268c620-9741-4280-b456-ce96cfb551fd] additional details: passcode in password is provided, passcode is not provided, private key is not provided, application: undefined, client name: snowflake-sdk, client version: 1.15.0, retry timeout: 300, private key path: undefined, private key pass is not provided, client store temporary credential: false, browser response timeout: 120000"}
{"level":"INFO","message":"[3:29:21.563 PM]: Connection[id: 4268c620-9741-4280-b456-ce96cfb551fd] - connection object created successfully."}
{"level":"INFO","message":"[3:29:21.564 PM]: Connection[id: 4268c620-9741-4280-b456-ce96cfb551fd] - connecting. Associated Snowflake domain: GLOBAL"}
{"level":"INFO","message":"[3:29:21.565 PM]: Connection[id: 4268c620-9741-4280-b456-ce96cfb551fd] - authentication successful using: SNOWFLAKE"}
{"level":"INFO","message":"[3:29:21.566 PM]: Trying to initialize Easy Logging"}
{"level":"INFO","message":"[3:29:21.569 PM]: No client config detected."}
{"level":"INFO","message":"[3:29:21.570 PM]: No config file path found. Client config will not be used."}
{"level":"INFO","message":"[3:29:21.571 PM]: Easy Logging is disabled as no config has been found"}
{"level":"INFO","message":"[3:29:21.579 PM]: Connection[id: 4268c620-9741-4280-b456-ce96cfb551fd] - connected successfully after 14.604700000000093 milliseconds"}
{"level":"INFO","message":"[3:29:30.714 PM]: Creating new connection object"}
{"level":"INFO","message":"[3:29:30.730 PM]: Creating Connection[id: 3d5c03e7-7b23-45a3-8307-7a51c7d0f49d] with host: ZMAGJQP-HWC47605.snowflakecomputing.com, account: ZMAGJQP-HWC47605, accessUrl: https://ZMAGJQP-HWC47605.snowflakecomputing.com, user: BLOODBATH, password is provided, role: ACCOUNTADMIN, database: ALLDAY_VIEWER, schema: ALLDAY, warehouse: COMPUTE_WH, region: undefined, authenticator: SNOWFLAKE, ocsp mode: FAIL_OPEN, os: win32, os version: 10.0.26100"}
{"level":"INFO","message":"[3:29:30.731 PM]: Connection[id: 3d5c03e7-7b23-45a3-8307-7a51c7d0f49d] additional details: passcode in password is provided, passcode is not provided, private key is not provided, application: undefined, client name: snowflake-sdk, client version: 1.15.0, retry timeout: 300, private key path: undefined, private key pass is not provided, client store temporary credential: false, browser response timeout: 120000"}
{"level":"INFO","message":"[3:29:30.732 PM]: Connection[id: 3d5c03e7-7b23-45a3-8307-7a51c7d0f49d] - connection object created successfully."}
{"level":"INFO","message":"[3:29:30.733 PM]: Connection[id: 3d5c03e7-7b23-45a3-8307-7a51c7d0f49d] - connecting. Associated Snowflake domain: GLOBAL"}
{"level":"INFO","message":"[3:29:30.733 PM]: Connection[id: 3d5c03e7-7b23-45a3-8307-7a51c7d0f49d] - authentication successful using: SNOWFLAKE"}
{"level":"INFO","message":"[3:29:30.734 PM]: Trying to initialize Easy Logging"}
{"level":"INFO","message":"[3:29:30.736 PM]: No client config detected."}
{"level":"INFO","message":"[3:29:30.737 PM]: No config file path found. Client config will not be used."}
{"level":"INFO","message":"[3:29:30.737 PM]: Easy Logging is disabled as no config has been found"}
{"level":"INFO","message":"[3:29:30.740 PM]: Connection[id: 3d5c03e7-7b23-45a3-8307-7a51c7d0f49d] - connected successfully after 7.81269999999995 milliseconds"}
{"level":"INFO","message":"[3:29:56.865 PM]: Creating new connection object"}
{"level":"INFO","message":"[3:29:56.881 PM]: Creating Connection[id: 99dfca45-f77a-4341-9339-39d050bb9906] with host: ZMAGJQP-HWC47605.snowflakecomputing.com, account: ZMAGJQP-HWC47605, accessUrl: https://ZMAGJQP-HWC47605.snowflakecomputing.com, user: BLOODBATH, password is provided, role: ACCOUNTADMIN, database: ALLDAY_VIEWER, schema: ALLDAY, warehouse: COMPUTE_WH, region: undefined, authenticator: SNOWFLAKE, ocsp mode: FAIL_OPEN, os: win32, os version: 10.0.26100"}
{"level":"INFO","message":"[3:29:56.882 PM]: Connection[id: 99dfca45-f77a-4341-9339-39d050bb9906] additional details: passcode in password is provided, passcode is not provided, private key is not provided, application: undefined, client name: snowflake-sdk, client version: 1.15.0, retry timeout: 300, private key path: undefined, private key pass is not provided, client store temporary credential: false, browser response timeout: 120000"}
{"level":"INFO","message":"[3:29:56.883 PM]: Connection[id: 99dfca45-f77a-4341-9339-39d050bb9906] - connection object created successfully."}
{"level":"INFO","message":"[3:29:56.884 PM]: Connection[id: 99dfca45-f77a-4341-9339-39d050bb9906] - connecting. Associated Snowflake domain: GLOBAL"}
{"level":"INFO","message":"[3:29:56.885 PM]: Connection[id: 99dfca45-f77a-4341-9339-39d050bb9906] - authentication successful using: SNOWFLAKE"}
{"level":"INFO","message":"[3:29:56.885 PM]: Trying to initialize Easy Logging"}
{"level":"INFO","message":"[3:29:56.890 PM]: No client config detected."}
{"level":"INFO","message":"[3:29:56.890 PM]: No config file path found. Client config will not be used."}
{"level":"INFO","message":"[3:29:56.891 PM]: Easy Logging is disabled as no config has been found"}
{"level":"INFO","message":"[3:29:56.897 PM]: Connection[id: 99dfca45-f77a-4341-9339-39d050bb9906] - connected successfully after 13.295699999999897 milliseconds"}
{"level":"INFO","message":"[3:30:11.536 PM]: Creating new connection object"}
{"level":"INFO","message":"[3:30:11.555 PM]: Creating Connection[id: 57c5fe3b-801d-483d-b172-01191ba2e1d2] with host: ZMAGJQP-HWC47605.snowflakecomputing.com, account: ZMAGJQP-HWC47605, accessUrl: https://ZMAGJQP-HWC47605.snowflakecomputing.com, user: BLOODBATH, password is provided, role: ACCOUNTADMIN, database: ALLDAY_VIEWER, schema: ALLDAY, warehouse: COMPUTE_WH, region: undefined, authenticator: SNOWFLAKE, ocsp mode: FAIL_OPEN, os: win32, os version: 10.0.26100"}
{"level":"INFO","message":"[3:30:11.557 PM]: Connection[id: 57c5fe3b-801d-483d-b172-01191ba2e1d2] additional details: passcode in password is provided, passcode is not provided, private key is not provided, application: undefined, client name: snowflake-sdk, client version: 1.15.0, retry timeout: 300, private key path: undefined, private key pass is not provided, client store temporary credential: false, browser response timeout: 120000"}
{"level":"INFO","message":"[3:30:11.558 PM]: Connection[id: 57c5fe3b-801d-483d-b172-01191ba2e1d2] - connection object created successfully."}
{"level":"INFO","message":"[3:30:11.559 PM]: Connection[id: 57c5fe3b-801d-483d-b172-01191ba2e1d2] - connecting. Associated Snowflake domain: GLOBAL"}
{"level":"INFO","message":"[3:30:11.560 PM]: Connection[id: 57c5fe3b-801d-483d-b172-01191ba2e1d2] - authentication successful using: SNOWFLAKE"}
{"level":"INFO","message":"[3:30:11.561 PM]: Trying to initialize Easy Logging"}
{"level":"INFO","message":"[3:30:11.566 PM]: No client config detected."}
{"level":"INFO","message":"[3:30:11.567 PM]: No config file path found. Client config will not be used."}
{"level":"INFO","message":"[3:30:11.567 PM]: Easy Logging is disabled as no config has been found"}
{"level":"INFO","message":"[3:30:11.572 PM]: Connection[id: 57c5fe3b-801d-483d-b172-01191ba2e1d2] - connected successfully after 12.804300000000012 milliseconds"}
{"level":"INFO","message":"[3:30:15.159 PM]: Creating new connection object"}
{"level":"INFO","message":"[3:30:15.318 PM]: Creating Connection[id: 2aa0315b-b1a5-449a-b83f-2c709aeaab3f] with host: ZMAGJQP-HWC47605.snowflakecomputing.com, account: ZMAGJQP-HWC47605, accessUrl: https://ZMAGJQP-HWC47605.snowflakecomputing.com, user: BLOODBATH, password is provided, role: ACCOUNTADMIN, database: ALLDAY_VIEWER, schema: ALLDAY, warehouse: COMPUTE_WH, region: undefined, authenticator: SNOWFLAKE, ocsp mode: FAIL_OPEN, os: win32, os version: 10.0.26100"}
{"level":"INFO","message":"[3:30:15.319 PM]: Connection[id: 2aa0315b-b1a5-449a-b83f-2c709aeaab3f] additional details: passcode in password is provided, passcode is not provided, private key is not provided, application: undefined, client name: snowflake-sdk, client version: 1.15.0, retry timeout: 300, private key path: undefined, private key pass is not provided, client store temporary credential: false, browser response timeout: 120000"}
{"level":"INFO","message":"[3:30:15.320 PM]: Connection[id: 2aa0315b-b1a5-449a-b83f-2c709aeaab3f] - connection object created successfully."}
{"level":"INFO","message":"[3:30:15.322 PM]: Connection[id: 2aa0315b-b1a5-449a-b83f-2c709aeaab3f] - connecting. Associated Snowflake domain: GLOBAL"}
{"level":"INFO","message":"[3:30:15.325 PM]: Connection[id: 2aa0315b-b1a5-449a-b83f-2c709aeaab3f] - authentication successful using: SNOWFLAKE"}
{"level":"INFO","message":"[3:30:15.327 PM]: Trying to initialize Easy Logging"}
{"level":"INFO","message":"[3:30:15.333 PM]: No client config detected."}
{"level":"INFO","message":"[3:30:15.334 PM]: No config file path found. Client config will not be used."}
{"level":"INFO","message":"[3:30:15.335 PM]: Easy Logging is disabled as no config has been found"}
{"level":"INFO","message":"[3:30:15.343 PM]: Connection[id: 2aa0315b-b1a5-449a-b83f-2c709aeaab3f] - connected successfully after 21.948200000000043 milliseconds"}
{"level":"INFO","message":"[3:32:18.291 PM]: Creating new connection object"}
{"level":"INFO","message":"[3:32:18.316 PM]: Creating Connection[id: fede9290-cbd7-4881-a416-d130ed8bf884] with host: ZMAGJQP-HWC47605.snowflakecomputing.com, account: ZMAGJQP-HWC47605, accessUrl: https://ZMAGJQP-HWC47605.snowflakecomputing.com, user: BLOODBATH, password is provided, role: ACCOUNTADMIN, database: ALLDAY_VIEWER, schema: ALLDAY, warehouse: COMPUTE_WH, region: undefined, authenticator: SNOWFLAKE, ocsp mode: FAIL_OPEN, os: win32, os version: 10.0.26100"}
{"level":"INFO","message":"[3:32:18.320 PM]: Connection[id: fede9290-cbd7-4881-a416-d130ed8bf884] additional details: passcode in password is provided, passcode is not provided, private key is not provided, application: undefined, client name: snowflake-sdk, client version: 1.15.0, retry timeout: 300, private key path: undefined, private key pass is not provided, client store temporary credential: false, browser response timeout: 120000"}
{"level":"INFO","message":"[3:32:18.322 PM]: Connection[id: fede9290-cbd7-4881-a416-d130ed8bf884] - connection object created successfully."}
{"level":"INFO","message":"[3:32:18.324 PM]: Connection[id: fede9290-cbd7-4881-a416-d130ed8bf884] - connecting. Associated Snowflake domain: GLOBAL"}
{"level":"INFO","message":"[3:32:18.327 PM]: Connection[id: fede9290-cbd7-4881-a416-d130ed8bf884] - authentication successful using: SNOWFLAKE"}
{"level":"INFO","message":"[3:32:18.329 PM]: Trying to initialize Easy Logging"}
{"level":"INFO","message":"[3:32:18.334 PM]: No client config detected."}
{"level":"INFO","message":"[3:32:18.336 PM]: No config file path found. Client config will not be used."}
{"level":"INFO","message":"[3:32:18.341 PM]: Easy Logging is disabled as no config has been found"}
{"level":"INFO","message":"[3:32:18.349 PM]: Connection[id: fede9290-cbd7-4881-a416-d130ed8bf884] - connected successfully after 24.928100000000086 milliseconds"}
{"level":"INFO","message":"[3:33:13.600 PM]: Creating new connection object"}
{"level":"INFO","message":"[3:33:13.615 PM]: Creating Connection[id: 44c81b7d-fe72-4d13-830f-1995dde4cebe] with host: ZMAGJQP-HWC47605.snowflakecomputing.com, account: ZMAGJQP-HWC47605, accessUrl: https://ZMAGJQP-HWC47605.snowflakecomputing.com, user: BLOODBATH, password is provided, role: ACCOUNTADMIN, database: ALLDAY_VIEWER, schema: ALLDAY, warehouse: COMPUTE_WH, region: undefined, authenticator: SNOWFLAKE, ocsp mode: FAIL_OPEN, os: win32, os version: 10.0.26100"}
{"level":"INFO","message":"[3:33:13.616 PM]: Connection[id: 44c81b7d-fe72-4d13-830f-1995dde4cebe] additional details: passcode in password is provided, passcode is not provided, private key is not provided, application: undefined, client name: snowflake-sdk, client version: 1.15.0, retry timeout: 300, private key path: undefined, private key pass is not provided, client store temporary credential: false, browser response timeout: 120000"}
{"level":"INFO","message":"[3:33:13.616 PM]: Connection[id: 44c81b7d-fe72-4d13-830f-1995dde4cebe] - connection object created successfully."}
{"level":"INFO","message":"[3:33:13.617 PM]: Connection[id: 44c81b7d-fe72-4d13-830f-1995dde4cebe] - connecting. Associated Snowflake domain: GLOBAL"}
{"level":"INFO","message":"[3:33:13.617 PM]: Connection[id: 44c81b7d-fe72-4d13-830f-1995dde4cebe] - authentication successful using: SNOWFLAKE"}
{"level":"INFO","message":"[3:33:13.618 PM]: Trying to initialize Easy Logging"}
{"level":"INFO","message":"[3:33:13.621 PM]: No client config detected."}
{"level":"INFO","message":"[3:33:13.622 PM]: No config file path found. Client config will not be used."}
{"level":"INFO","message":"[3:33:13.622 PM]: Easy Logging is disabled as no config has been found"}
{"level":"INFO","message":"[3:33:13.629 PM]: Connection[id: 44c81b7d-fe72-4d13-830f-1995dde4cebe] - connected successfully after 11.870799999999917 milliseconds"}
{"level":"INFO","message":"[3:37:18.922 PM]: Creating new connection object"}
{"level":"INFO","message":"[3:37:18.952 PM]: Creating Connection[id: c91b4b22-6626-44bf-b7df-e28ef2c185b0] with host: ZMAGJQP-HWC47605.snowflakecomputing.com, account: ZMAGJQP-HWC47605, accessUrl: https://ZMAGJQP-HWC47605.snowflakecomputing.com, user: BLOODBATH, password is provided, role: ACCOUNTADMIN, database: ALLDAY_VIEWER, schema: ALLDAY, warehouse: COMPUTE_WH, region: undefined, authenticator: SNOWFLAKE, ocsp mode: FAIL_OPEN, os: win32, os version: 10.0.26100"}
{"level":"INFO","message":"[3:37:18.954 PM]: Connection[id: c91b4b22-6626-44bf-b7df-e28ef2c185b0] additional details: passcode in password is provided, passcode is not provided, private key is not provided, application: undefined, client name: snowflake-sdk, client version: 1.15.0, retry timeout: 300, private key path: undefined, private key pass is not provided, client store temporary credential: false, browser response timeout: 120000"}
{"level":"INFO","message":"[3:37:18.956 PM]: Connection[id: c91b4b22-6626-44bf-b7df-e28ef2c185b0] - connection object created successfully."}
{"level":"INFO","message":"[3:37:18.959 PM]: Connection[id: c91b4b22-6626-44bf-b7df-e28ef2c185b0] - connecting. Associated Snowflake domain: GLOBAL"}
{"level":"INFO","message":"[3:37:18.960 PM]: Connection[id: c91b4b22-6626-44bf-b7df-e28ef2c185b0] - authentication successful using: SNOWFLAKE"}
{"level":"INFO","message":"[3:37:18.962 PM]: Trying to initialize Easy Logging"}
{"level":"INFO","message":"[3:37:18.966 PM]: No client config detected."}
{"level":"INFO","message":"[3:37:18.967 PM]: No config file path found. Client config will not be used."}
{"level":"INFO","message":"[3:37:18.967 PM]: Easy Logging is disabled as no config has been found"}
{"level":"INFO","message":"[3:37:18.971 PM]: Connection[id: c91b4b22-6626-44bf-b7df-e28ef2c185b0] - connected successfully after 12.632000000000062 milliseconds"}
{"level":"INFO","message":"[3:39:04.174 PM]: Creating new connection object"}
{"level":"INFO","message":"[3:39:04.193 PM]: Creating Connection[id: 0236fb9a-2759-401e-84d3-1a3feb363728] with host: ZMAGJQP-HWC47605.snowflakecomputing.com, account: ZMAGJQP-HWC47605, accessUrl: https://ZMAGJQP-HWC47605.snowflakecomputing.com, user: BLOODBATH, password is provided, role: ACCOUNTADMIN, database: ALLDAY_VIEWER, schema: ALLDAY, warehouse: COMPUTE_WH, region: undefined, authenticator: SNOWFLAKE, ocsp mode: FAIL_OPEN, os: win32, os version: 10.0.26100"}
{"level":"INFO","message":"[3:39:04.194 PM]: Connection[id: 0236fb9a-2759-401e-84d3-1a3feb363728] additional details: passcode in password is provided, passcode is not provided, private key is not provided, application: undefined, client name: snowflake-sdk, client version: 1.15.0, retry timeout: 300, private key path: undefined, private key pass is not provided, client store temporary credential: false, browser response timeout: 120000"}
{"level":"INFO","message":"[3:39:04.195 PM]: Connection[id: 0236fb9a-2759-401e-84d3-1a3feb363728] - connection object created successfully."}
{"level":"INFO","message":"[3:39:04.195 PM]: Connection[id: 0236fb9a-2759-401e-84d3-1a3feb363728] - connecting. Associated Snowflake domain: GLOBAL"}
{"level":"INFO","message":"[3:39:04.197 PM]: Connection[id: 0236fb9a-2759-401e-84d3-1a3feb363728] - authentication successful using: SNOWFLAKE"}
{"level":"INFO","message":"[3:39:04.197 PM]: Trying to initialize Easy Logging"}
{"level":"INFO","message":"[3:39:04.201 PM]: No client config detected."}
{"level":"INFO","message":"[3:39:04.201 PM]: No config file path found. Client config will not be used."}
{"level":"INFO","message":"[3:39:04.201 PM]: Easy Logging is disabled as no config has been found"}
{"level":"INFO","message":"[3:39:04.205 PM]: Connection[id: 0236fb9a-2759-401e-84d3-1a3feb363728] - connected successfully after 9.054899999999975 milliseconds"}
{"level":"INFO","message":"[3:39:23.110 PM]: Creating new connection object"}
{"level":"INFO","message":"[3:39:23.134 PM]: Creating Connection[id: b32f9c49-4ed7-464b-8646-e8a516d8ecbf] with host: ZMAGJQP-HWC47605.snowflakecomputing.com, account: ZMAGJQP-HWC47605, accessUrl: https://ZMAGJQP-HWC47605.snowflakecomputing.com, user: BLOODBATH, password is provided, role: ACCOUNTADMIN, database: ALLDAY_VIEWER, schema: ALLDAY, warehouse: COMPUTE_WH, region: undefined, authenticator: SNOWFLAKE, ocsp mode: FAIL_OPEN, os: win32, os version: 10.0.26100"}
{"level":"INFO","message":"[3:39:23.135 PM]: Connection[id: b32f9c49-4ed7-464b-8646-e8a516d8ecbf] additional details: passcode in password is provided, passcode is not provided, private key is not provided, application: undefined, client name: snowflake-sdk, client version: 1.15.0, retry timeout: 300, private key path: undefined, private key pass is not provided, client store temporary credential: false, browser response timeout: 120000"}
{"level":"INFO","message":"[3:39:23.136 PM]: Connection[id: b32f9c49-4ed7-464b-8646-e8a516d8ecbf] - connection object created successfully."}
{"level":"INFO","message":"[3:39:23.136 PM]: Connection[id: b32f9c49-4ed7-464b-8646-e8a516d8ecbf] - connecting. Associated Snowflake domain: GLOBAL"}
{"level":"INFO","message":"[3:39:23.137 PM]: Connection[id: b32f9c49-4ed7-464b-8646-e8a516d8ecbf] - authentication successful using: SNOWFLAKE"}
{"level":"INFO","message":"[3:39:23.138 PM]: Trying to initialize Easy Logging"}
{"level":"INFO","message":"[3:39:23.142 PM]: No client config detected."}
{"level":"INFO","message":"[3:39:23.143 PM]: No config file path found. Client config will not be used."}
{"level":"INFO","message":"[3:39:23.143 PM]: Easy Logging is disabled as no config has been found"}
{"level":"INFO","message":"[3:39:23.149 PM]: Connection[id: b32f9c49-4ed7-464b-8646-e8a516d8ecbf] - connected successfully after 12.19970000000012 milliseconds"}
{"level":"INFO","message":"[3:39:44.269 PM]: Creating new connection object"}
{"level":"INFO","message":"[3:39:44.291 PM]: Creating Connection[id: ab68a9cb-5263-4901-99df-1f8c3eced4d7] with host: ZMAGJQP-HWC47605.snowflakecomputing.com, account: ZMAGJQP-HWC47605, accessUrl: https://ZMAGJQP-HWC47605.snowflakecomputing.com, user: BLOODBATH, password is provided, role: ACCOUNTADMIN, database: ALLDAY_VIEWER, schema: ALLDAY, warehouse: COMPUTE_WH, region: undefined, authenticator: SNOWFLAKE, ocsp mode: FAIL_OPEN, os: win32, os version: 10.0.26100"}
{"level":"INFO","message":"[3:39:44.294 PM]: Connection[id: ab68a9cb-5263-4901-99df-1f8c3eced4d7] additional details: passcode in password is provided, passcode is not provided, private key is not provided, application: undefined, client name: snowflake-sdk, client version: 1.15.0, retry timeout: 300, private key path: undefined, private key pass is not provided, client store temporary credential: false, browser response timeout: 120000"}
{"level":"INFO","message":"[3:39:44.294 PM]: Connection[id: ab68a9cb-5263-4901-99df-1f8c3eced4d7] - connection object created successfully."}
{"level":"INFO","message":"[3:39:44.295 PM]: Connection[id: ab68a9cb-5263-4901-99df-1f8c3eced4d7] - connecting. Associated Snowflake domain: GLOBAL"}
{"level":"INFO","message":"[3:39:44.296 PM]: Connection[id: ab68a9cb-5263-4901-99df-1f8c3eced4d7] - authentication successful using: SNOWFLAKE"}
{"level":"INFO","message":"[3:39:44.297 PM]: Trying to initialize Easy Logging"}
{"level":"INFO","message":"[3:39:44.302 PM]: No client config detected."}
{"level":"INFO","message":"[3:39:44.303 PM]: No config file path found. Client config will not be used."}
{"level":"INFO","message":"[3:39:44.303 PM]: Easy Logging is disabled as no config has been found"}
{"level":"INFO","message":"[3:39:44.309 PM]: Connection[id: ab68a9cb-5263-4901-99df-1f8c3eced4d7] - connected successfully after 13.669499999999971 milliseconds"}
{"level":"INFO","message":"[3:40:02.378 PM]: Creating new connection object"}
{"level":"INFO","message":"[3:40:02.399 PM]: Creating Connection[id: 6eb16c16-0c13-4d5e-99b3-ded6b3a01870] with host: ZMAGJQP-HWC47605.snowflakecomputing.com, account: ZMAGJQP-HWC47605, accessUrl: https://ZMAGJQP-HWC47605.snowflakecomputing.com, user: BLOODBATH, password is provided, role: ACCOUNTADMIN, database: ALLDAY_VIEWER, schema: ALLDAY, warehouse: COMPUTE_WH, region: undefined, authenticator: SNOWFLAKE, ocsp mode: FAIL_OPEN, os: win32, os version: 10.0.26100"}
{"level":"INFO","message":"[3:40:02.401 PM]: Connection[id: 6eb16c16-0c13-4d5e-99b3-ded6b3a01870] additional details: passcode in password is provided, passcode is not provided, private key is not provided, application: undefined, client name: snowflake-sdk, client version: 1.15.0, retry timeout: 300, private key path: undefined, private key pass is not provided, client store temporary credential: false, browser response timeout: 120000"}
{"level":"INFO","message":"[3:40:02.402 PM]: Connection[id: 6eb16c16-0c13-4d5e-99b3-ded6b3a01870] - connection object created successfully."}
{"level":"INFO","message":"[3:40:02.403 PM]: Connection[id: 6eb16c16-0c13-4d5e-99b3-ded6b3a01870] - connecting. Associated Snowflake domain: GLOBAL"}
{"level":"INFO","message":"[3:40:02.404 PM]: Connection[id: 6eb16c16-0c13-4d5e-99b3-ded6b3a01870] - authentication successful using: SNOWFLAKE"}
{"level":"INFO","message":"[3:40:02.405 PM]: Trying to initialize Easy Logging"}
{"level":"INFO","message":"[3:40:02.411 PM]: No client config detected."}
{"level":"INFO","message":"[3:40:02.412 PM]: No config file path found. Client config will not be used."}
{"level":"INFO","message":"[3:40:02.412 PM]: Easy Logging is disabled as no config has been found"}
{"level":"INFO","message":"[3:40:02.418 PM]: Connection[id: 6eb16c16-0c13-4d5e-99b3-ded6b3a01870] - connected successfully after 14.732700000000023 milliseconds"}
{"level":"INFO","message":"[3:42:10.933 PM]: Creating new connection object"}
{"level":"INFO","message":"[3:42:10.951 PM]: Creating Connection[id: 43039b25-0fca-4d67-987c-3db9efb72c42] with host: ZMAGJQP-HWC47605.snowflakecomputing.com, account: ZMAGJQP-HWC47605, accessUrl: https://ZMAGJQP-HWC47605.snowflakecomputing.com, user: BLOODBATH, password is provided, role: ACCOUNTADMIN, database: ALLDAY_VIEWER, schema: ALLDAY, warehouse: COMPUTE_WH, region: undefined, authenticator: SNOWFLAKE, ocsp mode: FAIL_OPEN, os: win32, os version: 10.0.26100"}
{"level":"INFO","message":"[3:42:10.952 PM]: Connection[id: 43039b25-0fca-4d67-987c-3db9efb72c42] additional details: passcode in password is provided, passcode is not provided, private key is not provided, application: undefined, client name: snowflake-sdk, client version: 1.15.0, retry timeout: 300, private key path: undefined, private key pass is not provided, client store temporary credential: false, browser response timeout: 120000"}
{"level":"INFO","message":"[3:42:10.953 PM]: Connection[id: 43039b25-0fca-4d67-987c-3db9efb72c42] - connection object created successfully."}
{"level":"INFO","message":"[3:42:10.954 PM]: Connection[id: 43039b25-0fca-4d67-987c-3db9efb72c42] - connecting. Associated Snowflake domain: GLOBAL"}
{"level":"INFO","message":"[3:42:10.955 PM]: Connection[id: 43039b25-0fca-4d67-987c-3db9efb72c42] - authentication successful using: SNOWFLAKE"}
{"level":"INFO","message":"[3:42:10.956 PM]: Trying to initialize Easy Logging"}
{"level":"INFO","message":"[3:42:10.959 PM]: No client config detected."}
{"level":"INFO","message":"[3:42:10.960 PM]: No config file path found. Client config will not be used."}
{"level":"INFO","message":"[3:42:10.960 PM]: Easy Logging is disabled as no config has been found"}
{"level":"INFO","message":"[3:42:10.965 PM]: Connection[id: 43039b25-0fca-4d67-987c-3db9efb72c42] - connected successfully after 10.50240000000008 milliseconds"}
{"level":"INFO","message":"[3:44:01.387 PM]: Creating new connection object"}
{"level":"INFO","message":"[3:44:01.403 PM]: Creating Connection[id: 83657520-7c51-49ce-acbc-0994fdc9e4a5] with host: ZMAGJQP-HWC47605.snowflakecomputing.com, account: ZMAGJQP-HWC47605, accessUrl: https://ZMAGJQP-HWC47605.snowflakecomputing.com, user: BLOODBATH, password is provided, role: ACCOUNTADMIN, database: ALLDAY_VIEWER, schema: ALLDAY, warehouse: COMPUTE_WH, region: undefined, authenticator: SNOWFLAKE, ocsp mode: FAIL_OPEN, os: win32, os version: 10.0.26100"}
{"level":"INFO","message":"[3:44:01.404 PM]: Connection[id: 83657520-7c51-49ce-acbc-0994fdc9e4a5] additional details: passcode in password is provided, passcode is not provided, private key is not provided, application: undefined, client name: snowflake-sdk, client version: 1.15.0, retry timeout: 300, private key path: undefined, private key pass is not provided, client store temporary credential: false, browser response timeout: 120000"}
{"level":"INFO","message":"[3:44:01.404 PM]: Connection[id: 83657520-7c51-49ce-acbc-0994fdc9e4a5] - connection object created successfully."}
{"level":"INFO","message":"[3:44:01.404 PM]: Connection[id: 83657520-7c51-49ce-acbc-0994fdc9e4a5] - connecting. Associated Snowflake domain: GLOBAL"}
{"level":"INFO","message":"[3:44:01.405 PM]: Connection[id: 83657520-7c51-49ce-acbc-0994fdc9e4a5] - authentication successful using: SNOWFLAKE"}
{"level":"INFO","message":"[3:44:01.405 PM]: Trying to initialize Easy Logging"}
{"level":"INFO","message":"[3:44:01.408 PM]: No client config detected."}
{"level":"INFO","message":"[3:44:01.408 PM]: No config file path found. Client config will not be used."}
{"level":"INFO","message":"[3:44:01.409 PM]: Easy Logging is disabled as no config has been found"}
{"level":"INFO","message":"[3:44:01.411 PM]: Connection[id: 83657520-7c51-49ce-acbc-0994fdc9e4a5] - connected successfully after 6.813299999999799 milliseconds"}
{"level":"INFO","message":"[3:44:05.130 PM]: Creating new connection object"}
{"level":"INFO","message":"[3:44:05.142 PM]: Creating Connection[id: 698ed9b3-2896-414c-9aa8-cd908e167cba] with host: ZMAGJQP-HWC47605.snowflakecomputing.com, account: ZMAGJQP-HWC47605, accessUrl: https://ZMAGJQP-HWC47605.snowflakecomputing.com, user: BLOODBATH, password is provided, role: ACCOUNTADMIN, database: ALLDAY_VIEWER, schema: ALLDAY, warehouse: COMPUTE_WH, region: undefined, authenticator: SNOWFLAKE, ocsp mode: FAIL_OPEN, os: win32, os version: 10.0.26100"}
{"level":"INFO","message":"[3:44:05.143 PM]: Connection[id: 698ed9b3-2896-414c-9aa8-cd908e167cba] additional details: passcode in password is provided, passcode is not provided, private key is not provided, application: undefined, client name: snowflake-sdk, client version: 1.15.0, retry timeout: 300, private key path: undefined, private key pass is not provided, client store temporary credential: false, browser response timeout: 120000"}
{"level":"INFO","message":"[3:44:05.144 PM]: Connection[id: 698ed9b3-2896-414c-9aa8-cd908e167cba] - connection object created successfully."}
{"level":"INFO","message":"[3:44:05.144 PM]: Connection[id: 698ed9b3-2896-414c-9aa8-cd908e167cba] - connecting. Associated Snowflake domain: GLOBAL"}
{"level":"INFO","message":"[3:44:05.145 PM]: Connection[id: 698ed9b3-2896-414c-9aa8-cd908e167cba] - authentication successful using: SNOWFLAKE"}
{"level":"INFO","message":"[3:44:05.145 PM]: Trying to initialize Easy Logging"}
{"level":"INFO","message":"[3:44:05.148 PM]: No client config detected."}
{"level":"INFO","message":"[3:44:05.148 PM]: No config file path found. Client config will not be used."}
{"level":"INFO","message":"[3:44:05.148 PM]: Easy Logging is disabled as no config has been found"}
{"level":"INFO","message":"[3:44:05.151 PM]: Connection[id: 698ed9b3-2896-414c-9aa8-cd908e167cba] - connected successfully after 6.857400000000098 milliseconds"}
{"level":"INFO","message":"[3:44:16.182 PM]: Creating new connection object"}
{"level":"INFO","message":"[3:44:16.199 PM]: Creating Connection[id: 2a26f456-fcd5-40b0-9570-04b188bb734e] with host: ZMAGJQP-HWC47605.snowflakecomputing.com, account: ZMAGJQP-HWC47605, accessUrl: https://ZMAGJQP-HWC47605.snowflakecomputing.com, user: BLOODBATH, password is provided, role: ACCOUNTADMIN, database: ALLDAY_VIEWER, schema: ALLDAY, warehouse: COMPUTE_WH, region: undefined, authenticator: SNOWFLAKE, ocsp mode: FAIL_OPEN, os: win32, os version: 10.0.26100"}
{"level":"INFO","message":"[3:44:16.200 PM]: Connection[id: 2a26f456-fcd5-40b0-9570-04b188bb734e] additional details: passcode in password is provided, passcode is not provided, private key is not provided, application: undefined, client name: snowflake-sdk, client version: 1.15.0, retry timeout: 300, private key path: undefined, private key pass is not provided, client store temporary credential: false, browser response timeout: 120000"}
{"level":"INFO","message":"[3:44:16.201 PM]: Connection[id: 2a26f456-fcd5-40b0-9570-04b188bb734e] - connection object created successfully."}
{"level":"INFO","message":"[3:44:16.202 PM]: Connection[id: 2a26f456-fcd5-40b0-9570-04b188bb734e] - connecting. Associated Snowflake domain: GLOBAL"}
{"level":"INFO","message":"[3:44:16.202 PM]: Connection[id: 2a26f456-fcd5-40b0-9570-04b188bb734e] - authentication successful using: SNOWFLAKE"}
{"level":"INFO","message":"[3:44:16.203 PM]: Trying to initialize Easy Logging"}
{"level":"INFO","message":"[3:44:16.210 PM]: No client config detected."}
{"level":"INFO","message":"[3:44:16.211 PM]: No config file path found. Client config will not be used."}
{"level":"INFO","message":"[3:44:16.212 PM]: Easy Logging is disabled as no config has been found"}
{"level":"INFO","message":"[3:44:16.217 PM]: Connection[id: 2a26f456-fcd5-40b0-9570-04b188bb734e] - connected successfully after 15.08380000000011 milliseconds"}
{"level":"INFO","message":"[3:44:20.029 PM]: Creating new connection object"}
{"level":"INFO","message":"[3:44:20.044 PM]: Creating Connection[id: f83e3f0c-b7be-49b8-89e1-76e615ff6f12] with host: ZMAGJQP-HWC47605.snowflakecomputing.com, account: ZMAGJQP-HWC47605, accessUrl: https://ZMAGJQP-HWC47605.snowflakecomputing.com, user: BLOODBATH, password is provided, role: ACCOUNTADMIN, database: ALLDAY_VIEWER, schema: ALLDAY, warehouse: COMPUTE_WH, region: undefined, authenticator: SNOWFLAKE, ocsp mode: FAIL_OPEN, os: win32, os version: 10.0.26100"}
{"level":"INFO","message":"[3:44:20.045 PM]: Connection[id: f83e3f0c-b7be-49b8-89e1-76e615ff6f12] additional details: passcode in password is provided, passcode is not provided, private key is not provided, application: undefined, client name: snowflake-sdk, client version: 1.15.0, retry timeout: 300, private key path: undefined, private key pass is not provided, client store temporary credential: false, browser response timeout: 120000"}
{"level":"INFO","message":"[3:44:20.046 PM]: Connection[id: f83e3f0c-b7be-49b8-89e1-76e615ff6f12] - connection object created successfully."}
{"level":"INFO","message":"[3:44:20.046 PM]: Connection[id: f83e3f0c-b7be-49b8-89e1-76e615ff6f12] - connecting. Associated Snowflake domain: GLOBAL"}
{"level":"INFO","message":"[3:44:20.047 PM]: Connection[id: f83e3f0c-b7be-49b8-89e1-76e615ff6f12] - authentication successful using: SNOWFLAKE"}
{"level":"INFO","message":"[3:44:20.048 PM]: Trying to initialize Easy Logging"}
{"level":"INFO","message":"[3:44:20.061 PM]: No client config detected."}
{"level":"INFO","message":"[3:44:20.062 PM]: No config file path found. Client config will not be used."}
{"level":"INFO","message":"[3:44:20.063 PM]: Easy Logging is disabled as no config has been found"}
{"level":"INFO","message":"[3:44:20.068 PM]: Connection[id: f83e3f0c-b7be-49b8-89e1-76e615ff6f12] - connected successfully after 21.320000000000164 milliseconds"}
{"level":"INFO","message":"[3:53:25.832 PM]: Creating new connection object"}
{"level":"INFO","message":"[3:53:25.871 PM]: Creating Connection[id: af2ace2c-831d-4428-97a9-287ef6f9bae8] with host: ZMAGJQP-HWC47605.snowflakecomputing.com, account: ZMAGJQP-HWC47605, accessUrl: https://ZMAGJQP-HWC47605.snowflakecomputing.com, user: BLOODBATH, password is provided, role: ACCOUNTADMIN, database: ALLDAY_VIEWER, schema: ALLDAY, warehouse: COMPUTE_WH, region: undefined, authenticator: SNOWFLAKE, ocsp mode: FAIL_OPEN, os: win32, os version: 10.0.26100"}
{"level":"INFO","message":"[3:53:25.872 PM]: Connection[id: af2ace2c-831d-4428-97a9-287ef6f9bae8] additional details: passcode in password is provided, passcode is not provided, private key is not provided, application: undefined, client name: snowflake-sdk, client version: 1.15.0, retry timeout: 300, private key path: undefined, private key pass is not provided, client store temporary credential: false, browser response timeout: 120000"}
{"level":"INFO","message":"[3:53:25.872 PM]: Connection[id: af2ace2c-831d-4428-97a9-287ef6f9bae8] - connection object created successfully."}
{"level":"INFO","message":"[3:53:25.873 PM]: Connection[id: af2ace2c-831d-4428-97a9-287ef6f9bae8] - connecting. Associated Snowflake domain: GLOBAL"}
{"level":"INFO","message":"[3:53:25.874 PM]: Connection[id: af2ace2c-831d-4428-97a9-287ef6f9bae8] - authentication successful using: SNOWFLAKE"}
{"level":"INFO","message":"[3:53:25.875 PM]: Trying to initialize Easy Logging"}
{"level":"INFO","message":"[3:53:25.880 PM]: No client config detected."}
{"level":"INFO","message":"[3:53:25.881 PM]: No config file path found. Client config will not be used."}
{"level":"INFO","message":"[3:53:25.882 PM]: Easy Logging is disabled as no config has been found"}
{"level":"INFO","message":"[3:53:25.885 PM]: Connection[id: af2ace2c-831d-4428-97a9-287ef6f9bae8] - connected successfully after 12.257299999999987 milliseconds"}
