[%date% %time%] Starting full ETL 
--- Running etl_metadata.js --- 
Postgres config: {
  host: 'ep-bitter-tooth-a4tly49h-pooler.us-east-1.aws.neon.tech',
  database: 'allday_analytics',
  ssl: true
}
{"level":"INFO","message":"[10:19:37.985 AM]: Creating new connection object"}
{"level":"INFO","message":"[10:19:38.018 AM]: Creating Connection[id: 748711e9-6b49-438a-897b-129d4584d5ab] with host: WBFEERF-YXC83821.snowflakecomputing.com, account: WBFEERF-YXC83821, accessUrl: https://WBFEERF-YXC83821.snowflakecomputing.com, user: CHUNK, password is provided, role: ACCOUNTADMIN, database: NFL_ALLDAY, schema: ANALYTICS, warehouse: COMPUTE_WH, region: undefined, authenticator: SNOWFLAKE, ocsp mode: FAIL_OPEN, os: win32, os version: 10.0.26100"}
{"level":"INFO","message":"[10:19:38.019 AM]: Connection[id: 748711e9-6b49-438a-897b-129d4584d5ab] additional details: passcode in password is provided, passcode is not provided, private key is not provided, application: undefined, client name: snowflake-sdk, client version: 1.15.0, retry timeout: 300, private key path: undefined, private key pass is not provided, client store temporary credential: false, browser response timeout: 120000"}
{"level":"INFO","message":"[10:19:38.020 AM]: Connection[id: 748711e9-6b49-438a-897b-129d4584d5ab] - connection object created successfully."}
{"level":"INFO","message":"[10:19:38.020 AM]: Connection[id: 748711e9-6b49-438a-897b-129d4584d5ab] - connecting. Associated Snowflake domain: GLOBAL"}
{"level":"INFO","message":"[10:19:38.021 AM]: Connection[id: 748711e9-6b49-438a-897b-129d4584d5ab] - authentication successful using: SNOWFLAKE"}
{"level":"INFO","message":"[10:19:38.022 AM]: Trying to initialize Easy Logging"}
{"level":"INFO","message":"[10:19:38.025 AM]: No client config detected."}
{"level":"INFO","message":"[10:19:38.025 AM]: No config file path found. Client config will not be used."}
{"level":"INFO","message":"[10:19:38.026 AM]: Easy Logging is disabled as no config has been found"}
{"level":"INFO","message":"[10:19:38.030 AM]: Connection[id: 748711e9-6b49-438a-897b-129d4584d5ab] - connected successfully after 9.676800000000185 milliseconds"}
(node:113384) [DEP0060] DeprecationWarning: The `util._extend` API is deprecated. Please use Object.assign() instead.
(Use `node --trace-deprecation ...` to show where the warning was created)
Connected to Snowflake as 748711e9-6b49-438a-897b-129d4584d5ab
Running metadata query in Snowflake...
Snowflake returned 100000 rows
Upserting metadata into Postgres... rows to upsert: 100000
^C