[%date% %time%] Fast holdings refresh 
Postgres config: {
  host: 'ep-bitter-tooth-a4tly49h-pooler.us-east-1.aws.neon.tech',
  database: 'allday_analytics',
  ssl: true
}
{"level":"INFO","message":"[10:24:43.829 AM]: Creating new connection object"}
{"level":"INFO","message":"[10:24:43.851 AM]: Creating Connection[id: 0eb198a5-b18c-4927-bff2-861829789ba6] with host: WBFEERF-YXC83821.snowflakecomputing.com, account: WBFEERF-YXC83821, accessUrl: https://WBFEERF-YXC83821.snowflakecomputing.com, user: CHUNK, password is provided, role: ACCOUNTADMIN, database: NFL_ALLDAY, schema: ANALYTICS, warehouse: COMPUTE_WH, region: undefined, authenticator: SNOWFLAKE, ocsp mode: FAIL_OPEN, os: win32, os version: 10.0.26100"}
{"level":"INFO","message":"[10:24:43.852 AM]: Connection[id: 0eb198a5-b18c-4927-bff2-861829789ba6] additional details: passcode in password is provided, passcode is not provided, private key is not provided, application: undefined, client name: snowflake-sdk, client version: 1.15.0, retry timeout: 300, private key path: undefined, private key pass is not provided, client store temporary credential: false, browser response timeout: 120000"}
{"level":"INFO","message":"[10:24:43.852 AM]: Connection[id: 0eb198a5-b18c-4927-bff2-861829789ba6] - connection object created successfully."}
{"level":"INFO","message":"[10:24:43.853 AM]: Connection[id: 0eb198a5-b18c-4927-bff2-861829789ba6] - connecting. Associated Snowflake domain: GLOBAL"}
{"level":"INFO","message":"[10:24:43.854 AM]: Connection[id: 0eb198a5-b18c-4927-bff2-861829789ba6] - authentication successful using: SNOWFLAKE"}
{"level":"INFO","message":"[10:24:43.854 AM]: Trying to initialize Easy Logging"}
{"level":"INFO","message":"[10:24:43.856 AM]: No client config detected."}
{"level":"INFO","message":"[10:24:43.856 AM]: No config file path found. Client config will not be used."}
{"level":"INFO","message":"[10:24:43.857 AM]: Easy Logging is disabled as no config has been found"}
{"level":"INFO","message":"[10:24:43.860 AM]: Connection[id: 0eb198a5-b18c-4927-bff2-861829789ba6] - connected successfully after 7.38149999999996 milliseconds"}
(node:27740) [DEP0060] DeprecationWarning: The `util._extend` API is deprecated. Please use Object.assign() instead.
(Use `node --trace-deprecation ...` to show where the warning was created)
Connected to Snowflake as 0eb198a5-b18c-4927-bff2-861829789ba6
Running holdings snapshot query in Snowflake...
^C